<?xml version="1.0" encoding="UTF-8"?>
<!-- Generated by org.testng.reporters.JUnitXMLReporter -->
<testsuite hostname="MacBook-Pro-2.local" name="Command line test" tests="6" failures="1" timestamp="12 Apr 2016 20:43:08 GMT" time="0.072" errors="0">
  <testcase name="testSampleOne" time="0.002" classname="com.muks.testng.TestApp"/>
  <testcase name="testSampleThree" time="0.004" classname="com.muks.testng.TestApp">
    <failure type="java.lang.AssertionError" message="expected [Onetwo] but found [onetwo]">
      <![CDATA[java.lang.AssertionError: expected [Onetwo] but found [onetwo]
	at com.muks.testng.TestApp.testSampleThree(TestApp.java:44)
... Removed 40 stack frames]]>
    </failure>
  </testcase> <!-- testSampleThree -->
  <testcase name="testSampleTwo" time="0.001" classname="com.muks.testng.TestApp"/>
  <testcase name="testSampleOne" time="0.002" classname="com.muks.testng.TestRegressions"/>
  <testcase name="testSampleThree" time="0.001" classname="com.muks.testng.TestRegressions"/>
  <testcase name="testSampleTwo" time="0.001" classname="com.muks.testng.TestRegressions"/>
</testsuite> <!-- Command line test -->
